<?xml version="1.0" encoding="UTF-8"?>
<!-- Generated by org.testng.reporters.JUnitXMLReporter -->
<testsuite ignored="0" hostname="NISANTH" failures="0" tests="3" name="Test" time="106.092" errors="0" timestamp="2023-04-06T15:19:07 IST">
  <testcase classname="com.trello.qspiders.frames.HandlingIndividualFramesTest" name="individualFramesTest" time="54.59"/>
  <testcase classname="com.trello.qspiders.frames.HandlingNestedFrame" name="nestedFrames" time="11.093"/>
  <testcase classname="com.trello.qspiders.frames.TravelBackParent" name="travelBackToParent" time="24.198"/>
</testsuite> <!-- Test -->
